0 info it worked if it ends with ok
1 verbose cli [ '/usr/local/bin/node',
1 verbose cli   '/usr/local/bin/npm',
1 verbose cli   '-g',
1 verbose cli   'install',
1 verbose cli   'js-beautify' ]
2 info using npm@4.0.5
3 info using node@v6.2.2
4 silly loadCurrentTree Starting
5 silly install loadCurrentTree
6 silly install readGlobalPackageData
7 silly fetchPackageMetaData js-beautify
8 silly fetchNamedPackageData js-beautify
9 silly mapToRegistry name js-beautify
10 silly mapToRegistry using default registry
11 silly mapToRegistry registry https://registry.npmjs.org/
12 silly mapToRegistry data Result {
12 silly mapToRegistry   raw: 'js-beautify',
12 silly mapToRegistry   scope: null,
12 silly mapToRegistry   escapedName: 'js-beautify',
12 silly mapToRegistry   name: 'js-beautify',
12 silly mapToRegistry   rawSpec: '',
12 silly mapToRegistry   spec: 'latest',
12 silly mapToRegistry   type: 'tag' }
13 silly mapToRegistry uri https://registry.npmjs.org/js-beautify
14 verbose request uri https://registry.npmjs.org/js-beautify
15 verbose request no auth needed
16 info attempt registry request try #1 at 6:44:01 PM
17 verbose request id de9f9fd9a5f181c6
18 verbose etag W/"5941027c-1bf52"
19 verbose lastModified Wed, 14 Jun 2017 09:31:40 GMT
20 http request GET https://registry.npmjs.org/js-beautify
21 http 304 https://registry.npmjs.org/js-beautify
22 verbose headers { date: 'Mon, 24 Jul 2017 10:44:03 GMT',
22 verbose headers   via: '1.1 varnish',
22 verbose headers   'cache-control': 'max-age=300',
22 verbose headers   etag: 'W/"5941027c-1bf52"',
22 verbose headers   age: '0',
22 verbose headers   connection: 'keep-alive',
22 verbose headers   'x-served-by': 'cache-nrt6126-NRT',
22 verbose headers   'x-cache': 'HIT',
22 verbose headers   'x-cache-hits': '1',
22 verbose headers   'x-timer': 'S1500893044.531747,VS0,VE133',
22 verbose headers   vary: 'Accept-Encoding, Accept' }
23 silly get cb [ 304,
23 silly get   { date: 'Mon, 24 Jul 2017 10:44:03 GMT',
23 silly get     via: '1.1 varnish',
23 silly get     'cache-control': 'max-age=300',
23 silly get     etag: 'W/"5941027c-1bf52"',
23 silly get     age: '0',
23 silly get     connection: 'keep-alive',
23 silly get     'x-served-by': 'cache-nrt6126-NRT',
23 silly get     'x-cache': 'HIT',
23 silly get     'x-cache-hits': '1',
23 silly get     'x-timer': 'S1500893044.531747,VS0,VE133',
23 silly get     vary: 'Accept-Encoding, Accept' } ]
24 verbose etag https://registry.npmjs.org/js-beautify from cache
25 verbose get saving js-beautify to /Users/jihaoyu/.npm/registry.npmjs.org/js-beautify/.cache.json
26 verbose correctMkdir /Users/jihaoyu/.npm correctMkdir not in flight; initializing
27 silly install normalizeTree
28 silly loadCurrentTree Finishing
29 silly loadIdealTree Starting
30 silly install loadIdealTree
31 silly cloneCurrentTree Starting
32 silly install cloneCurrentTreeToIdealTree
33 silly cloneCurrentTree Finishing
34 silly loadShrinkwrap Starting
35 silly install loadShrinkwrap
36 silly loadShrinkwrap Finishing
37 silly loadAllDepsIntoIdealTree Starting
38 silly install loadAllDepsIntoIdealTree
39 silly resolveWithNewModule js-beautify@1.6.14 checking installable status
40 silly cache add args [ 'js-beautify', null ]
41 verbose cache add spec js-beautify
42 silly cache add parsed spec Result {
42 silly cache add   raw: 'js-beautify',
42 silly cache add   scope: null,
42 silly cache add   escapedName: 'js-beautify',
42 silly cache add   name: 'js-beautify',
42 silly cache add   rawSpec: '',
42 silly cache add   spec: 'latest',
42 silly cache add   type: 'tag' }
43 silly addNamed js-beautify@latest
44 verbose addNamed "latest" is being treated as a dist-tag for js-beautify
45 info addNameTag [ 'js-beautify', 'latest' ]
46 silly mapToRegistry name js-beautify
47 silly mapToRegistry using default registry
48 silly mapToRegistry registry https://registry.npmjs.org/
49 silly mapToRegistry data Result {
49 silly mapToRegistry   raw: 'js-beautify',
49 silly mapToRegistry   scope: null,
49 silly mapToRegistry   escapedName: 'js-beautify',
49 silly mapToRegistry   name: 'js-beautify',
49 silly mapToRegistry   rawSpec: '',
49 silly mapToRegistry   spec: 'latest',
49 silly mapToRegistry   type: 'tag' }
50 silly mapToRegistry uri https://registry.npmjs.org/js-beautify
51 verbose addNameTag registry:https://registry.npmjs.org/js-beautify not in flight; fetching
52 verbose get https://registry.npmjs.org/js-beautify not expired, no request
53 silly addNameTag next cb for js-beautify with tag latest
54 silly addNamed js-beautify@1.6.14
55 verbose addNamed "1.6.14" is a plain semver version for js-beautify
56 silly cache afterAdd js-beautify@1.6.14
57 verbose afterAdd /Users/jihaoyu/.npm/js-beautify/1.6.14/package/package.json not in flight; writing
58 verbose correctMkdir /Users/jihaoyu/.npm correctMkdir not in flight; initializing
59 verbose afterAdd /Users/jihaoyu/.npm/js-beautify/1.6.14/package/package.json written
60 silly fetchNamedPackageData config-chain
61 silly mapToRegistry name config-chain
62 silly mapToRegistry using default registry
63 silly mapToRegistry registry https://registry.npmjs.org/
64 silly mapToRegistry data Result {
64 silly mapToRegistry   raw: 'config-chain',
64 silly mapToRegistry   scope: null,
64 silly mapToRegistry   escapedName: 'config-chain',
64 silly mapToRegistry   name: 'config-chain',
64 silly mapToRegistry   rawSpec: '',
64 silly mapToRegistry   spec: 'latest',
64 silly mapToRegistry   type: 'tag' }
65 silly mapToRegistry uri https://registry.npmjs.org/config-chain
66 silly fetchNamedPackageData editorconfig
67 silly mapToRegistry name editorconfig
68 silly mapToRegistry using default registry
69 silly mapToRegistry registry https://registry.npmjs.org/
70 silly mapToRegistry data Result {
70 silly mapToRegistry   raw: 'editorconfig',
70 silly mapToRegistry   scope: null,
70 silly mapToRegistry   escapedName: 'editorconfig',
70 silly mapToRegistry   name: 'editorconfig',
70 silly mapToRegistry   rawSpec: '',
70 silly mapToRegistry   spec: 'latest',
70 silly mapToRegistry   type: 'tag' }
71 silly mapToRegistry uri https://registry.npmjs.org/editorconfig
72 silly fetchNamedPackageData mkdirp
73 silly mapToRegistry name mkdirp
74 silly mapToRegistry using default registry
75 silly mapToRegistry registry https://registry.npmjs.org/
76 silly mapToRegistry data Result {
76 silly mapToRegistry   raw: 'mkdirp',
76 silly mapToRegistry   scope: null,
76 silly mapToRegistry   escapedName: 'mkdirp',
76 silly mapToRegistry   name: 'mkdirp',
76 silly mapToRegistry   rawSpec: '',
76 silly mapToRegistry   spec: 'latest',
76 silly mapToRegistry   type: 'tag' }
77 silly mapToRegistry uri https://registry.npmjs.org/mkdirp
78 silly fetchNamedPackageData nopt
79 silly mapToRegistry name nopt
80 silly mapToRegistry using default registry
81 silly mapToRegistry registry https://registry.npmjs.org/
82 silly mapToRegistry data Result {
82 silly mapToRegistry   raw: 'nopt',
82 silly mapToRegistry   scope: null,
82 silly mapToRegistry   escapedName: 'nopt',
82 silly mapToRegistry   name: 'nopt',
82 silly mapToRegistry   rawSpec: '',
82 silly mapToRegistry   spec: 'latest',
82 silly mapToRegistry   type: 'tag' }
83 silly mapToRegistry uri https://registry.npmjs.org/nopt
84 verbose request uri https://registry.npmjs.org/config-chain
85 verbose request no auth needed
86 info attempt registry request try #1 at 6:44:04 PM
87 verbose etag W/"596bd485-6893"
88 verbose lastModified Sun, 16 Jul 2017 21:03:01 GMT
89 http request GET https://registry.npmjs.org/config-chain
90 verbose request uri https://registry.npmjs.org/editorconfig
91 verbose request no auth needed
92 info attempt registry request try #1 at 6:44:04 PM
93 verbose etag W/"593aa1f7-54cf"
94 verbose lastModified Fri, 09 Jun 2017 13:26:15 GMT
95 http request GET https://registry.npmjs.org/editorconfig
96 verbose request uri https://registry.npmjs.org/mkdirp
97 verbose request no auth needed
98 info attempt registry request try #1 at 6:44:04 PM
99 verbose etag W/"596d0b69-64b2"
100 verbose lastModified Mon, 17 Jul 2017 19:09:29 GMT
101 http request GET https://registry.npmjs.org/mkdirp
102 verbose request uri https://registry.npmjs.org/nopt
103 verbose request no auth needed
104 info attempt registry request try #1 at 6:44:04 PM
105 verbose etag W/"595bad7a-848e"
106 verbose lastModified Tue, 04 Jul 2017 15:00:10 GMT
107 http request GET https://registry.npmjs.org/nopt
108 http 304 https://registry.npmjs.org/editorconfig
109 verbose headers { date: 'Mon, 24 Jul 2017 10:44:06 GMT',
109 verbose headers   via: '1.1 varnish',
109 verbose headers   'cache-control': 'max-age=300',
109 verbose headers   etag: 'W/"593aa1f7-54cf"',
109 verbose headers   age: '19',
109 verbose headers   connection: 'keep-alive',
109 verbose headers   'x-served-by': 'cache-nrt6129-NRT',
109 verbose headers   'x-cache': 'HIT',
109 verbose headers   'x-cache-hits': '1',
109 verbose headers   'x-timer': 'S1500893046.317175,VS0,VE0',
109 verbose headers   vary: 'Accept-Encoding, Accept' }
110 silly get cb [ 304,
110 silly get   { date: 'Mon, 24 Jul 2017 10:44:06 GMT',
110 silly get     via: '1.1 varnish',
110 silly get     'cache-control': 'max-age=300',
110 silly get     etag: 'W/"593aa1f7-54cf"',
110 silly get     age: '19',
110 silly get     connection: 'keep-alive',
110 silly get     'x-served-by': 'cache-nrt6129-NRT',
110 silly get     'x-cache': 'HIT',
110 silly get     'x-cache-hits': '1',
110 silly get     'x-timer': 'S1500893046.317175,VS0,VE0',
110 silly get     vary: 'Accept-Encoding, Accept' } ]
111 verbose etag https://registry.npmjs.org/editorconfig from cache
112 verbose get saving editorconfig to /Users/jihaoyu/.npm/registry.npmjs.org/editorconfig/.cache.json
113 verbose correctMkdir /Users/jihaoyu/.npm correctMkdir not in flight; initializing
114 silly resolveWithNewModule editorconfig@0.13.2 checking installable status
115 silly cache add args [ 'editorconfig@^0.13.2', null ]
116 verbose cache add spec editorconfig@^0.13.2
117 silly cache add parsed spec Result {
117 silly cache add   raw: 'editorconfig@^0.13.2',
117 silly cache add   scope: null,
117 silly cache add   escapedName: 'editorconfig',
117 silly cache add   name: 'editorconfig',
117 silly cache add   rawSpec: '^0.13.2',
117 silly cache add   spec: '>=0.13.2 <0.14.0',
117 silly cache add   type: 'range' }
118 silly addNamed editorconfig@>=0.13.2 <0.14.0
119 verbose addNamed ">=0.13.2 <0.14.0" is a valid semver range for editorconfig
120 silly addNameRange { name: 'editorconfig',
120 silly addNameRange   range: '>=0.13.2 <0.14.0',
120 silly addNameRange   hasData: false }
121 silly mapToRegistry name editorconfig
122 silly mapToRegistry using default registry
123 silly mapToRegistry registry https://registry.npmjs.org/
124 silly mapToRegistry data Result {
124 silly mapToRegistry   raw: 'editorconfig',
124 silly mapToRegistry   scope: null,
124 silly mapToRegistry   escapedName: 'editorconfig',
124 silly mapToRegistry   name: 'editorconfig',
124 silly mapToRegistry   rawSpec: '',
124 silly mapToRegistry   spec: 'latest',
124 silly mapToRegistry   type: 'tag' }
125 silly mapToRegistry uri https://registry.npmjs.org/editorconfig
126 verbose addNameRange registry:https://registry.npmjs.org/editorconfig not in flight; fetching
127 http 304 https://registry.npmjs.org/nopt
128 verbose headers { date: 'Mon, 24 Jul 2017 10:44:06 GMT',
128 verbose headers   via: '1.1 varnish',
128 verbose headers   'cache-control': 'max-age=300',
128 verbose headers   etag: 'W/"595bad7a-848e"',
128 verbose headers   age: '175',
128 verbose headers   connection: 'keep-alive',
128 verbose headers   'x-served-by': 'cache-nrt6134-NRT',
128 verbose headers   'x-cache': 'HIT',
128 verbose headers   'x-cache-hits': '4',
128 verbose headers   'x-timer': 'S1500893046.333333,VS0,VE0',
128 verbose headers   vary: 'Accept-Encoding, Accept' }
129 silly get cb [ 304,
129 silly get   { date: 'Mon, 24 Jul 2017 10:44:06 GMT',
129 silly get     via: '1.1 varnish',
129 silly get     'cache-control': 'max-age=300',
129 silly get     etag: 'W/"595bad7a-848e"',
129 silly get     age: '175',
129 silly get     connection: 'keep-alive',
129 silly get     'x-served-by': 'cache-nrt6134-NRT',
129 silly get     'x-cache': 'HIT',
129 silly get     'x-cache-hits': '4',
129 silly get     'x-timer': 'S1500893046.333333,VS0,VE0',
129 silly get     vary: 'Accept-Encoding, Accept' } ]
130 verbose etag https://registry.npmjs.org/nopt from cache
131 verbose get saving nopt to /Users/jihaoyu/.npm/registry.npmjs.org/nopt/.cache.json
132 verbose correctMkdir /Users/jihaoyu/.npm correctMkdir not in flight; initializing
133 verbose get https://registry.npmjs.org/editorconfig not expired, no request
134 silly addNameRange number 2 { name: 'editorconfig',
134 silly addNameRange   range: '>=0.13.2 <0.14.0',
134 silly addNameRange   hasData: true }
135 silly addNameRange versions [ 'editorconfig',
135 silly addNameRange   [ '0.11.0',
135 silly addNameRange     '0.11.1',
135 silly addNameRange     '0.11.2',
135 silly addNameRange     '0.11.3',
135 silly addNameRange     '0.11.4',
135 silly addNameRange     '0.12.0',
135 silly addNameRange     '0.12.1',
135 silly addNameRange     '0.12.2',
135 silly addNameRange     '0.13.0',
135 silly addNameRange     '0.13.1',
135 silly addNameRange     '0.13.2' ] ]
136 silly addNamed editorconfig@0.13.2
137 verbose addNamed "0.13.2" is a plain semver version for editorconfig
138 silly cache afterAdd editorconfig@0.13.2
139 verbose afterAdd /Users/jihaoyu/.npm/editorconfig/0.13.2/package/package.json not in flight; writing
140 verbose correctMkdir /Users/jihaoyu/.npm correctMkdir not in flight; initializing
141 silly resolveWithNewModule nopt@3.0.6 checking installable status
142 silly cache add args [ 'nopt@~3.0.1', null ]
143 verbose cache add spec nopt@~3.0.1
144 silly cache add parsed spec Result {
144 silly cache add   raw: 'nopt@~3.0.1',
144 silly cache add   scope: null,
144 silly cache add   escapedName: 'nopt',
144 silly cache add   name: 'nopt',
144 silly cache add   rawSpec: '~3.0.1',
144 silly cache add   spec: '>=3.0.1 <3.1.0',
144 silly cache add   type: 'range' }
145 silly addNamed nopt@>=3.0.1 <3.1.0
146 verbose addNamed ">=3.0.1 <3.1.0" is a valid semver range for nopt
147 silly addNameRange { name: 'nopt', range: '>=3.0.1 <3.1.0', hasData: false }
148 silly mapToRegistry name nopt
149 silly mapToRegistry using default registry
150 silly mapToRegistry registry https://registry.npmjs.org/
151 silly mapToRegistry data Result {
151 silly mapToRegistry   raw: 'nopt',
151 silly mapToRegistry   scope: null,
151 silly mapToRegistry   escapedName: 'nopt',
151 silly mapToRegistry   name: 'nopt',
151 silly mapToRegistry   rawSpec: '',
151 silly mapToRegistry   spec: 'latest',
151 silly mapToRegistry   type: 'tag' }
152 silly mapToRegistry uri https://registry.npmjs.org/nopt
153 verbose addNameRange registry:https://registry.npmjs.org/nopt not in flight; fetching
154 verbose get https://registry.npmjs.org/nopt not expired, no request
155 silly addNameRange number 2 { name: 'nopt', range: '>=3.0.1 <3.1.0', hasData: true }
156 silly addNameRange versions [ 'nopt',
156 silly addNameRange   [ '1.0.0',
156 silly addNameRange     '1.0.1',
156 silly addNameRange     '1.0.2',
156 silly addNameRange     '1.0.3',
156 silly addNameRange     '1.0.4',
156 silly addNameRange     '1.0.5',
156 silly addNameRange     '1.0.6',
156 silly addNameRange     '1.0.7',
156 silly addNameRange     '1.0.8',
156 silly addNameRange     '1.0.9',
156 silly addNameRange     '1.0.10',
156 silly addNameRange     '2.0.0',
156 silly addNameRange     '2.1.0',
156 silly addNameRange     '2.1.1',
156 silly addNameRange     '2.1.2',
156 silly addNameRange     '2.2.0',
156 silly addNameRange     '2.2.1',
156 silly addNameRange     '3.0.0',
156 silly addNameRange     '3.0.1',
156 silly addNameRange     '3.0.2',
156 silly addNameRange     '3.0.3',
156 silly addNameRange     '3.0.4',
156 silly addNameRange     '3.0.5',
156 silly addNameRange     '3.0.6',
156 silly addNameRange     '4.0.0',
156 silly addNameRange     '4.0.1' ] ]
157 silly addNamed nopt@3.0.6
158 verbose addNamed "3.0.6" is a plain semver version for nopt
159 verbose afterAdd /Users/jihaoyu/.npm/editorconfig/0.13.2/package/package.json written
160 silly cache afterAdd nopt@3.0.6
161 verbose afterAdd /Users/jihaoyu/.npm/nopt/3.0.6/package/package.json not in flight; writing
162 verbose correctMkdir /Users/jihaoyu/.npm correctMkdir not in flight; initializing
163 verbose afterAdd /Users/jihaoyu/.npm/nopt/3.0.6/package/package.json written
164 http 200 https://registry.npmjs.org/mkdirp
165 verbose headers { server: 'nginx/1.10.3',
165 verbose headers   'content-type': 'application/json',
165 verbose headers   'last-modified': 'Mon, 24 Jul 2017 07:27:46 GMT',
165 verbose headers   etag: 'W/"5975a172-651a"',
165 verbose headers   'content-encoding': 'gzip',
165 verbose headers   'cache-control': 'max-age=300',
165 verbose headers   'content-length': '5101',
165 verbose headers   'accept-ranges': 'bytes',
165 verbose headers   date: 'Mon, 24 Jul 2017 10:44:06 GMT',
165 verbose headers   via: '1.1 varnish',
165 verbose headers   age: '39',
165 verbose headers   connection: 'keep-alive',
165 verbose headers   'x-served-by': 'cache-nrt6121-NRT',
165 verbose headers   'x-cache': 'HIT',
165 verbose headers   'x-cache-hits': '2',
165 verbose headers   'x-timer': 'S1500893047.939146,VS0,VE0',
165 verbose headers   vary: 'Accept-Encoding, Accept' }
166 silly get cb [ 200,
166 silly get   { server: 'nginx/1.10.3',
166 silly get     'content-type': 'application/json',
166 silly get     'last-modified': 'Mon, 24 Jul 2017 07:27:46 GMT',
166 silly get     etag: 'W/"5975a172-651a"',
166 silly get     'content-encoding': 'gzip',
166 silly get     'cache-control': 'max-age=300',
166 silly get     'content-length': '5101',
166 silly get     'accept-ranges': 'bytes',
166 silly get     date: 'Mon, 24 Jul 2017 10:44:06 GMT',
166 silly get     via: '1.1 varnish',
166 silly get     age: '39',
166 silly get     connection: 'keep-alive',
166 silly get     'x-served-by': 'cache-nrt6121-NRT',
166 silly get     'x-cache': 'HIT',
166 silly get     'x-cache-hits': '2',
166 silly get     'x-timer': 'S1500893047.939146,VS0,VE0',
166 silly get     vary: 'Accept-Encoding, Accept' } ]
167 verbose get saving mkdirp to /Users/jihaoyu/.npm/registry.npmjs.org/mkdirp/.cache.json
168 verbose correctMkdir /Users/jihaoyu/.npm correctMkdir not in flight; initializing
169 silly resolveWithNewModule mkdirp@0.5.1 checking installable status
170 silly cache add args [ 'mkdirp@~0.5.0', null ]
171 verbose cache add spec mkdirp@~0.5.0
172 silly cache add parsed spec Result {
172 silly cache add   raw: 'mkdirp@~0.5.0',
172 silly cache add   scope: null,
172 silly cache add   escapedName: 'mkdirp',
172 silly cache add   name: 'mkdirp',
172 silly cache add   rawSpec: '~0.5.0',
172 silly cache add   spec: '>=0.5.0 <0.6.0',
172 silly cache add   type: 'range' }
173 silly addNamed mkdirp@>=0.5.0 <0.6.0
174 verbose addNamed ">=0.5.0 <0.6.0" is a valid semver range for mkdirp
175 silly addNameRange { name: 'mkdirp', range: '>=0.5.0 <0.6.0', hasData: false }
176 silly mapToRegistry name mkdirp
177 silly mapToRegistry using default registry
178 silly mapToRegistry registry https://registry.npmjs.org/
179 silly mapToRegistry data Result {
179 silly mapToRegistry   raw: 'mkdirp',
179 silly mapToRegistry   scope: null,
179 silly mapToRegistry   escapedName: 'mkdirp',
179 silly mapToRegistry   name: 'mkdirp',
179 silly mapToRegistry   rawSpec: '',
179 silly mapToRegistry   spec: 'latest',
179 silly mapToRegistry   type: 'tag' }
180 silly mapToRegistry uri https://registry.npmjs.org/mkdirp
181 verbose addNameRange registry:https://registry.npmjs.org/mkdirp not in flight; fetching
182 verbose get https://registry.npmjs.org/mkdirp not expired, no request
183 silly addNameRange number 2 { name: 'mkdirp', range: '>=0.5.0 <0.6.0', hasData: true }
184 silly addNameRange versions [ 'mkdirp',
184 silly addNameRange   [ '0.0.1',
184 silly addNameRange     '0.0.2',
184 silly addNameRange     '0.0.3',
184 silly addNameRange     '0.0.4',
184 silly addNameRange     '0.0.5',
184 silly addNameRange     '0.0.6',
184 silly addNameRange     '0.0.7',
184 silly addNameRange     '0.1.0',
184 silly addNameRange     '0.2.0',
184 silly addNameRange     '0.2.1',
184 silly addNameRange     '0.2.2',
184 silly addNameRange     '0.3.0',
184 silly addNameRange     '0.3.1',
184 silly addNameRange     '0.3.2',
184 silly addNameRange     '0.3.3',
184 silly addNameRange     '0.3.4',
184 silly addNameRange     '0.3.5',
184 silly addNameRange     '0.4.0',
184 silly addNameRange     '0.4.1',
184 silly addNameRange     '0.4.2',
184 silly addNameRange     '0.5.0',
184 silly addNameRange     '0.5.1' ] ]
185 silly addNamed mkdirp@0.5.1
186 verbose addNamed "0.5.1" is a plain semver version for mkdirp
187 silly cache afterAdd mkdirp@0.5.1
188 verbose afterAdd /Users/jihaoyu/.npm/mkdirp/0.5.1/package/package.json not in flight; writing
189 verbose correctMkdir /Users/jihaoyu/.npm correctMkdir not in flight; initializing
190 verbose afterAdd /Users/jihaoyu/.npm/mkdirp/0.5.1/package/package.json written
191 http 304 https://registry.npmjs.org/config-chain
192 verbose headers { date: 'Mon, 24 Jul 2017 10:44:08 GMT',
192 verbose headers   via: '1.1 varnish',
192 verbose headers   'cache-control': 'max-age=300',
192 verbose headers   etag: 'W/"596bd485-6893"',
192 verbose headers   age: '199',
192 verbose headers   connection: 'keep-alive',
192 verbose headers   'x-served-by': 'cache-nrt6126-NRT',
192 verbose headers   'x-cache': 'HIT',
192 verbose headers   'x-cache-hits': '1',
192 verbose headers   'x-timer': 'S1500893048.099677,VS0,VE1',
192 verbose headers   vary: 'Accept-Encoding, Accept' }
193 silly get cb [ 304,
193 silly get   { date: 'Mon, 24 Jul 2017 10:44:08 GMT',
193 silly get     via: '1.1 varnish',
193 silly get     'cache-control': 'max-age=300',
193 silly get     etag: 'W/"596bd485-6893"',
193 silly get     age: '199',
193 silly get     connection: 'keep-alive',
193 silly get     'x-served-by': 'cache-nrt6126-NRT',
193 silly get     'x-cache': 'HIT',
193 silly get     'x-cache-hits': '1',
193 silly get     'x-timer': 'S1500893048.099677,VS0,VE1',
193 silly get     vary: 'Accept-Encoding, Accept' } ]
194 verbose etag https://registry.npmjs.org/config-chain from cache
195 verbose get saving config-chain to /Users/jihaoyu/.npm/registry.npmjs.org/config-chain/.cache.json
196 verbose correctMkdir /Users/jihaoyu/.npm correctMkdir not in flight; initializing
197 silly resolveWithNewModule config-chain@1.1.11 checking installable status
198 silly cache add args [ 'config-chain@~1.1.5', null ]
199 verbose cache add spec config-chain@~1.1.5
200 silly cache add parsed spec Result {
200 silly cache add   raw: 'config-chain@~1.1.5',
200 silly cache add   scope: null,
200 silly cache add   escapedName: 'config-chain',
200 silly cache add   name: 'config-chain',
200 silly cache add   rawSpec: '~1.1.5',
200 silly cache add   spec: '>=1.1.5 <1.2.0',
200 silly cache add   type: 'range' }
201 silly addNamed config-chain@>=1.1.5 <1.2.0
202 verbose addNamed ">=1.1.5 <1.2.0" is a valid semver range for config-chain
203 silly addNameRange { name: 'config-chain', range: '>=1.1.5 <1.2.0', hasData: false }
204 silly mapToRegistry name config-chain
205 silly mapToRegistry using default registry
206 silly mapToRegistry registry https://registry.npmjs.org/
207 silly mapToRegistry data Result {
207 silly mapToRegistry   raw: 'config-chain',
207 silly mapToRegistry   scope: null,
207 silly mapToRegistry   escapedName: 'config-chain',
207 silly mapToRegistry   name: 'config-chain',
207 silly mapToRegistry   rawSpec: '',
207 silly mapToRegistry   spec: 'latest',
207 silly mapToRegistry   type: 'tag' }
208 silly mapToRegistry uri https://registry.npmjs.org/config-chain
209 verbose addNameRange registry:https://registry.npmjs.org/config-chain not in flight; fetching
210 verbose get https://registry.npmjs.org/config-chain not expired, no request
211 silly addNameRange number 2 { name: 'config-chain', range: '>=1.1.5 <1.2.0', hasData: true }
212 silly addNameRange versions [ 'config-chain',
212 silly addNameRange   [ '0.1.0',
212 silly addNameRange     '0.1.1',
212 silly addNameRange     '0.2.0',
212 silly addNameRange     '0.3.0',
212 silly addNameRange     '0.3.1',
212 silly addNameRange     '0.3.2',
212 silly addNameRange     '0.3.3',
212 silly addNameRange     '1.0.0',
212 silly addNameRange     '1.0.1',
212 silly addNameRange     '1.1.0',
212 silly addNameRange     '1.1.1',
212 silly addNameRange     '1.1.2',
212 silly addNameRange     '1.1.3',
212 silly addNameRange     '1.1.4',
212 silly addNameRange     '1.1.5',
212 silly addNameRange     '1.1.6',
212 silly addNameRange     '0.3.4',
212 silly addNameRange     '1.1.7',
212 silly addNameRange     '1.1.8',
212 silly addNameRange     '1.1.9',
212 silly addNameRange     '1.1.10',
212 silly addNameRange     '1.1.11' ] ]
213 silly addNamed config-chain@1.1.11
214 verbose addNamed "1.1.11" is a plain semver version for config-chain
215 silly cache afterAdd config-chain@1.1.11
216 verbose afterAdd /Users/jihaoyu/.npm/config-chain/1.1.11/package/package.json not in flight; writing
217 verbose correctMkdir /Users/jihaoyu/.npm correctMkdir not in flight; initializing
218 verbose afterAdd /Users/jihaoyu/.npm/config-chain/1.1.11/package/package.json written
219 silly fetchNamedPackageData proto-list
220 silly mapToRegistry name proto-list
221 silly mapToRegistry using default registry
222 silly mapToRegistry registry https://registry.npmjs.org/
223 silly mapToRegistry data Result {
223 silly mapToRegistry   raw: 'proto-list',
223 silly mapToRegistry   scope: null,
223 silly mapToRegistry   escapedName: 'proto-list',
223 silly mapToRegistry   name: 'proto-list',
223 silly mapToRegistry   rawSpec: '',
223 silly mapToRegistry   spec: 'latest',
223 silly mapToRegistry   type: 'tag' }
224 silly mapToRegistry uri https://registry.npmjs.org/proto-list
225 silly fetchNamedPackageData ini
226 silly mapToRegistry name ini
227 silly mapToRegistry using default registry
228 silly mapToRegistry registry https://registry.npmjs.org/
229 silly mapToRegistry data Result {
229 silly mapToRegistry   raw: 'ini',
229 silly mapToRegistry   scope: null,
229 silly mapToRegistry   escapedName: 'ini',
229 silly mapToRegistry   name: 'ini',
229 silly mapToRegistry   rawSpec: '',
229 silly mapToRegistry   spec: 'latest',
229 silly mapToRegistry   type: 'tag' }
230 silly mapToRegistry uri https://registry.npmjs.org/ini
231 verbose request uri https://registry.npmjs.org/proto-list
232 verbose request no auth needed
233 info attempt registry request try #1 at 6:44:09 PM
234 verbose etag W/"555d2db9-1ac2"
235 verbose lastModified Thu, 21 May 2015 00:58:33 GMT
236 http request GET https://registry.npmjs.org/proto-list
237 verbose request uri https://registry.npmjs.org/ini
238 verbose request no auth needed
239 info attempt registry request try #1 at 6:44:09 PM
240 verbose etag W/"596582cd-3d36"
241 verbose lastModified Wed, 12 Jul 2017 02:00:45 GMT
242 http request GET https://registry.npmjs.org/ini
243 http 304 https://registry.npmjs.org/proto-list
244 verbose headers { date: 'Mon, 24 Jul 2017 10:44:08 GMT',
244 verbose headers   via: '1.1 varnish',
244 verbose headers   'cache-control': 'max-age=300',
244 verbose headers   etag: 'W/"555d2db9-1ac2"',
244 verbose headers   age: '78',
244 verbose headers   connection: 'keep-alive',
244 verbose headers   'x-served-by': 'cache-nrt6129-NRT',
244 verbose headers   'x-cache': 'HIT',
244 verbose headers   'x-cache-hits': '1',
244 verbose headers   'x-timer': 'S1500893048.293329,VS0,VE0',
244 verbose headers   vary: 'Accept-Encoding, Accept' }
245 silly get cb [ 304,
245 silly get   { date: 'Mon, 24 Jul 2017 10:44:08 GMT',
245 silly get     via: '1.1 varnish',
245 silly get     'cache-control': 'max-age=300',
245 silly get     etag: 'W/"555d2db9-1ac2"',
245 silly get     age: '78',
245 silly get     connection: 'keep-alive',
245 silly get     'x-served-by': 'cache-nrt6129-NRT',
245 silly get     'x-cache': 'HIT',
245 silly get     'x-cache-hits': '1',
245 silly get     'x-timer': 'S1500893048.293329,VS0,VE0',
245 silly get     vary: 'Accept-Encoding, Accept' } ]
246 verbose etag https://registry.npmjs.org/proto-list from cache
247 verbose get saving proto-list to /Users/jihaoyu/.npm/registry.npmjs.org/proto-list/.cache.json
248 verbose correctMkdir /Users/jihaoyu/.npm correctMkdir not in flight; initializing
249 silly resolveWithNewModule proto-list@1.2.4 checking installable status
250 silly cache add args [ 'proto-list@~1.2.1', null ]
251 verbose cache add spec proto-list@~1.2.1
252 silly cache add parsed spec Result {
252 silly cache add   raw: 'proto-list@~1.2.1',
252 silly cache add   scope: null,
252 silly cache add   escapedName: 'proto-list',
252 silly cache add   name: 'proto-list',
252 silly cache add   rawSpec: '~1.2.1',
252 silly cache add   spec: '>=1.2.1 <1.3.0',
252 silly cache add   type: 'range' }
253 silly addNamed proto-list@>=1.2.1 <1.3.0
254 verbose addNamed ">=1.2.1 <1.3.0" is a valid semver range for proto-list
255 silly addNameRange { name: 'proto-list', range: '>=1.2.1 <1.3.0', hasData: false }
256 silly mapToRegistry name proto-list
257 silly mapToRegistry using default registry
258 silly mapToRegistry registry https://registry.npmjs.org/
259 silly mapToRegistry data Result {
259 silly mapToRegistry   raw: 'proto-list',
259 silly mapToRegistry   scope: null,
259 silly mapToRegistry   escapedName: 'proto-list',
259 silly mapToRegistry   name: 'proto-list',
259 silly mapToRegistry   rawSpec: '',
259 silly mapToRegistry   spec: 'latest',
259 silly mapToRegistry   type: 'tag' }
260 silly mapToRegistry uri https://registry.npmjs.org/proto-list
261 verbose addNameRange registry:https://registry.npmjs.org/proto-list not in flight; fetching
262 verbose get https://registry.npmjs.org/proto-list not expired, no request
263 silly addNameRange number 2 { name: 'proto-list', range: '>=1.2.1 <1.3.0', hasData: true }
264 silly addNameRange versions [ 'proto-list',
264 silly addNameRange   [ '1.0.0', '1.1.0', '1.2.0', '1.2.1', '1.2.2', '1.2.3', '1.2.4' ] ]
265 silly addNamed proto-list@1.2.4
266 verbose addNamed "1.2.4" is a plain semver version for proto-list
267 silly cache afterAdd proto-list@1.2.4
268 verbose afterAdd /Users/jihaoyu/.npm/proto-list/1.2.4/package/package.json not in flight; writing
269 verbose correctMkdir /Users/jihaoyu/.npm correctMkdir not in flight; initializing
270 verbose afterAdd /Users/jihaoyu/.npm/proto-list/1.2.4/package/package.json written
271 http 200 https://registry.npmjs.org/ini
272 verbose headers { server: 'nginx/1.10.1',
272 verbose headers   'content-type': 'application/json',
272 verbose headers   'last-modified': 'Thu, 20 Jul 2017 21:04:14 GMT',
272 verbose headers   etag: 'W/"59711ace-3d49"',
272 verbose headers   'content-encoding': 'gzip',
272 verbose headers   'cache-control': 'max-age=300',
272 verbose headers   'content-length': '3408',
272 verbose headers   'accept-ranges': 'bytes',
272 verbose headers   date: 'Mon, 24 Jul 2017 10:44:08 GMT',
272 verbose headers   via: '1.1 varnish',
272 verbose headers   age: '105',
272 verbose headers   connection: 'keep-alive',
272 verbose headers   'x-served-by': 'cache-nrt6134-NRT',
272 verbose headers   'x-cache': 'HIT',
272 verbose headers   'x-cache-hits': '2',
272 verbose headers   'x-timer': 'S1500893048.297699,VS0,VE0',
272 verbose headers   vary: 'Accept-Encoding, Accept' }
273 silly get cb [ 200,
273 silly get   { server: 'nginx/1.10.1',
273 silly get     'content-type': 'application/json',
273 silly get     'last-modified': 'Thu, 20 Jul 2017 21:04:14 GMT',
273 silly get     etag: 'W/"59711ace-3d49"',
273 silly get     'content-encoding': 'gzip',
273 silly get     'cache-control': 'max-age=300',
273 silly get     'content-length': '3408',
273 silly get     'accept-ranges': 'bytes',
273 silly get     date: 'Mon, 24 Jul 2017 10:44:08 GMT',
273 silly get     via: '1.1 varnish',
273 silly get     age: '105',
273 silly get     connection: 'keep-alive',
273 silly get     'x-served-by': 'cache-nrt6134-NRT',
273 silly get     'x-cache': 'HIT',
273 silly get     'x-cache-hits': '2',
273 silly get     'x-timer': 'S1500893048.297699,VS0,VE0',
273 silly get     vary: 'Accept-Encoding, Accept' } ]
274 verbose get saving ini to /Users/jihaoyu/.npm/registry.npmjs.org/ini/.cache.json
275 verbose correctMkdir /Users/jihaoyu/.npm correctMkdir not in flight; initializing
276 silly resolveWithNewModule ini@1.3.4 checking installable status
277 silly cache add args [ 'ini@^1.3.4', null ]
278 verbose cache add spec ini@^1.3.4
279 silly cache add parsed spec Result {
279 silly cache add   raw: 'ini@^1.3.4',
279 silly cache add   scope: null,
279 silly cache add   escapedName: 'ini',
279 silly cache add   name: 'ini',
279 silly cache add   rawSpec: '^1.3.4',
279 silly cache add   spec: '>=1.3.4 <2.0.0',
279 silly cache add   type: 'range' }
280 silly addNamed ini@>=1.3.4 <2.0.0
281 verbose addNamed ">=1.3.4 <2.0.0" is a valid semver range for ini
282 silly addNameRange { name: 'ini', range: '>=1.3.4 <2.0.0', hasData: false }
283 silly mapToRegistry name ini
284 silly mapToRegistry using default registry
285 silly mapToRegistry registry https://registry.npmjs.org/
286 silly mapToRegistry data Result {
286 silly mapToRegistry   raw: 'ini',
286 silly mapToRegistry   scope: null,
286 silly mapToRegistry   escapedName: 'ini',
286 silly mapToRegistry   name: 'ini',
286 silly mapToRegistry   rawSpec: '',
286 silly mapToRegistry   spec: 'latest',
286 silly mapToRegistry   type: 'tag' }
287 silly mapToRegistry uri https://registry.npmjs.org/ini
288 verbose addNameRange registry:https://registry.npmjs.org/ini not in flight; fetching
289 verbose get https://registry.npmjs.org/ini not expired, no request
290 silly addNameRange number 2 { name: 'ini', range: '>=1.3.4 <2.0.0', hasData: true }
291 silly addNameRange versions [ 'ini',
291 silly addNameRange   [ '1.0.0',
291 silly addNameRange     '1.0.1',
291 silly addNameRange     '1.0.2',
291 silly addNameRange     '1.0.3',
291 silly addNameRange     '1.0.4',
291 silly addNameRange     '1.0.5',
291 silly addNameRange     '1.1.0',
291 silly addNameRange     '1.2.0',
291 silly addNameRange     '1.2.1',
291 silly addNameRange     '1.3.0',
291 silly addNameRange     '1.3.1',
291 silly addNameRange     '1.3.2',
291 silly addNameRange     '1.3.3',
291 silly addNameRange     '1.3.4' ] ]
292 silly addNamed ini@1.3.4
293 verbose addNamed "1.3.4" is a plain semver version for ini
294 silly cache afterAdd ini@1.3.4
295 verbose afterAdd /Users/jihaoyu/.npm/ini/1.3.4/package/package.json not in flight; writing
296 verbose correctMkdir /Users/jihaoyu/.npm correctMkdir not in flight; initializing
297 verbose afterAdd /Users/jihaoyu/.npm/ini/1.3.4/package/package.json written
298 silly fetchNamedPackageData bluebird
299 silly mapToRegistry name bluebird
300 silly mapToRegistry using default registry
301 silly mapToRegistry registry https://registry.npmjs.org/
302 silly mapToRegistry data Result {
302 silly mapToRegistry   raw: 'bluebird',
302 silly mapToRegistry   scope: null,
302 silly mapToRegistry   escapedName: 'bluebird',
302 silly mapToRegistry   name: 'bluebird',
302 silly mapToRegistry   rawSpec: '',
302 silly mapToRegistry   spec: 'latest',
302 silly mapToRegistry   type: 'tag' }
303 silly mapToRegistry uri https://registry.npmjs.org/bluebird
304 silly fetchNamedPackageData commander
305 silly mapToRegistry name commander
306 silly mapToRegistry using default registry
307 silly mapToRegistry registry https://registry.npmjs.org/
308 silly mapToRegistry data Result {
308 silly mapToRegistry   raw: 'commander',
308 silly mapToRegistry   scope: null,
308 silly mapToRegistry   escapedName: 'commander',
308 silly mapToRegistry   name: 'commander',
308 silly mapToRegistry   rawSpec: '',
308 silly mapToRegistry   spec: 'latest',
308 silly mapToRegistry   type: 'tag' }
309 silly mapToRegistry uri https://registry.npmjs.org/commander
310 silly fetchNamedPackageData lru-cache
311 silly mapToRegistry name lru-cache
312 silly mapToRegistry using default registry
313 silly mapToRegistry registry https://registry.npmjs.org/
314 silly mapToRegistry data Result {
314 silly mapToRegistry   raw: 'lru-cache',
314 silly mapToRegistry   scope: null,
314 silly mapToRegistry   escapedName: 'lru-cache',
314 silly mapToRegistry   name: 'lru-cache',
314 silly mapToRegistry   rawSpec: '',
314 silly mapToRegistry   spec: 'latest',
314 silly mapToRegistry   type: 'tag' }
315 silly mapToRegistry uri https://registry.npmjs.org/lru-cache
316 silly fetchNamedPackageData sigmund
317 silly mapToRegistry name sigmund
318 silly mapToRegistry using default registry
319 silly mapToRegistry registry https://registry.npmjs.org/
320 silly mapToRegistry data Result {
320 silly mapToRegistry   raw: 'sigmund',
320 silly mapToRegistry   scope: null,
320 silly mapToRegistry   escapedName: 'sigmund',
320 silly mapToRegistry   name: 'sigmund',
320 silly mapToRegistry   rawSpec: '',
320 silly mapToRegistry   spec: 'latest',
320 silly mapToRegistry   type: 'tag' }
321 silly mapToRegistry uri https://registry.npmjs.org/sigmund
322 verbose request uri https://registry.npmjs.org/commander
323 verbose request no auth needed
324 info attempt registry request try #1 at 6:44:09 PM
325 verbose etag W/"59688e75-11278"
326 verbose lastModified Fri, 14 Jul 2017 09:27:17 GMT
327 http request GET https://registry.npmjs.org/commander
328 verbose request uri https://registry.npmjs.org/sigmund
329 verbose request no auth needed
330 info attempt registry request try #1 at 6:44:09 PM
331 verbose etag W/"593747dc-1232"
332 verbose lastModified Wed, 07 Jun 2017 00:25:00 GMT
333 http request GET https://registry.npmjs.org/sigmund
334 verbose request uri https://registry.npmjs.org/lru-cache
335 verbose request no auth needed
336 info attempt registry request try #1 at 6:44:09 PM
337 verbose etag W/"5959b473-d719"
338 verbose lastModified Mon, 03 Jul 2017 03:05:23 GMT
339 http request GET https://registry.npmjs.org/lru-cache
340 verbose request uri https://registry.npmjs.org/bluebird
341 verbose request no auth needed
342 info attempt registry request try #1 at 6:44:09 PM
343 verbose etag W/"5968c257-60526"
344 verbose lastModified Fri, 14 Jul 2017 13:08:39 GMT
345 http request GET https://registry.npmjs.org/bluebird
346 http 304 https://registry.npmjs.org/sigmund
347 verbose headers { date: 'Mon, 24 Jul 2017 10:44:08 GMT',
347 verbose headers   via: '1.1 varnish',
347 verbose headers   'cache-control': 'max-age=300',
347 verbose headers   etag: 'W/"593747dc-1232"',
347 verbose headers   age: '108',
347 verbose headers   connection: 'keep-alive',
347 verbose headers   'x-served-by': 'cache-nrt6126-NRT',
347 verbose headers   'x-cache': 'HIT',
347 verbose headers   'x-cache-hits': '1',
347 verbose headers   'x-timer': 'S1500893049.699323,VS0,VE0',
347 verbose headers   vary: 'Accept-Encoding, Accept' }
348 silly get cb [ 304,
348 silly get   { date: 'Mon, 24 Jul 2017 10:44:08 GMT',
348 silly get     via: '1.1 varnish',
348 silly get     'cache-control': 'max-age=300',
348 silly get     etag: 'W/"593747dc-1232"',
348 silly get     age: '108',
348 silly get     connection: 'keep-alive',
348 silly get     'x-served-by': 'cache-nrt6126-NRT',
348 silly get     'x-cache': 'HIT',
348 silly get     'x-cache-hits': '1',
348 silly get     'x-timer': 'S1500893049.699323,VS0,VE0',
348 silly get     vary: 'Accept-Encoding, Accept' } ]
349 verbose etag https://registry.npmjs.org/sigmund from cache
350 verbose get saving sigmund to /Users/jihaoyu/.npm/registry.npmjs.org/sigmund/.cache.json
351 verbose correctMkdir /Users/jihaoyu/.npm correctMkdir not in flight; initializing
352 http 304 https://registry.npmjs.org/lru-cache
353 verbose headers { date: 'Mon, 24 Jul 2017 10:44:08 GMT',
353 verbose headers   via: '1.1 varnish',
353 verbose headers   'cache-control': 'max-age=300',
353 verbose headers   etag: 'W/"5959b473-d719"',
353 verbose headers   age: '205',
353 verbose headers   connection: 'keep-alive',
353 verbose headers   'x-served-by': 'cache-nrt6129-NRT',
353 verbose headers   'x-cache': 'HIT',
353 verbose headers   'x-cache-hits': '7',
353 verbose headers   'x-timer': 'S1500893049.706531,VS0,VE0',
353 verbose headers   vary: 'Accept-Encoding, Accept' }
354 silly get cb [ 304,
354 silly get   { date: 'Mon, 24 Jul 2017 10:44:08 GMT',
354 silly get     via: '1.1 varnish',
354 silly get     'cache-control': 'max-age=300',
354 silly get     etag: 'W/"5959b473-d719"',
354 silly get     age: '205',
354 silly get     connection: 'keep-alive',
354 silly get     'x-served-by': 'cache-nrt6129-NRT',
354 silly get     'x-cache': 'HIT',
354 silly get     'x-cache-hits': '7',
354 silly get     'x-timer': 'S1500893049.706531,VS0,VE0',
354 silly get     vary: 'Accept-Encoding, Accept' } ]
355 verbose etag https://registry.npmjs.org/lru-cache from cache
356 verbose get saving lru-cache to /Users/jihaoyu/.npm/registry.npmjs.org/lru-cache/.cache.json
357 verbose correctMkdir /Users/jihaoyu/.npm correctMkdir not in flight; initializing
358 silly resolveWithNewModule lru-cache@3.2.0 checking installable status
359 silly cache add args [ 'lru-cache@^3.2.0', null ]
360 verbose cache add spec lru-cache@^3.2.0
361 silly cache add parsed spec Result {
361 silly cache add   raw: 'lru-cache@^3.2.0',
361 silly cache add   scope: null,
361 silly cache add   escapedName: 'lru-cache',
361 silly cache add   name: 'lru-cache',
361 silly cache add   rawSpec: '^3.2.0',
361 silly cache add   spec: '>=3.2.0 <4.0.0',
361 silly cache add   type: 'range' }
362 silly addNamed lru-cache@>=3.2.0 <4.0.0
363 verbose addNamed ">=3.2.0 <4.0.0" is a valid semver range for lru-cache
364 silly addNameRange { name: 'lru-cache', range: '>=3.2.0 <4.0.0', hasData: false }
365 silly mapToRegistry name lru-cache
366 silly mapToRegistry using default registry
367 silly mapToRegistry registry https://registry.npmjs.org/
368 silly mapToRegistry data Result {
368 silly mapToRegistry   raw: 'lru-cache',
368 silly mapToRegistry   scope: null,
368 silly mapToRegistry   escapedName: 'lru-cache',
368 silly mapToRegistry   name: 'lru-cache',
368 silly mapToRegistry   rawSpec: '',
368 silly mapToRegistry   spec: 'latest',
368 silly mapToRegistry   type: 'tag' }
369 silly mapToRegistry uri https://registry.npmjs.org/lru-cache
370 verbose addNameRange registry:https://registry.npmjs.org/lru-cache not in flight; fetching
371 silly resolveWithNewModule sigmund@1.0.1 checking installable status
372 silly cache add args [ 'sigmund@^1.0.1', null ]
373 verbose cache add spec sigmund@^1.0.1
374 silly cache add parsed spec Result {
374 silly cache add   raw: 'sigmund@^1.0.1',
374 silly cache add   scope: null,
374 silly cache add   escapedName: 'sigmund',
374 silly cache add   name: 'sigmund',
374 silly cache add   rawSpec: '^1.0.1',
374 silly cache add   spec: '>=1.0.1 <2.0.0',
374 silly cache add   type: 'range' }
375 silly addNamed sigmund@>=1.0.1 <2.0.0
376 verbose addNamed ">=1.0.1 <2.0.0" is a valid semver range for sigmund
377 silly addNameRange { name: 'sigmund', range: '>=1.0.1 <2.0.0', hasData: false }
378 silly mapToRegistry name sigmund
379 silly mapToRegistry using default registry
380 silly mapToRegistry registry https://registry.npmjs.org/
381 silly mapToRegistry data Result {
381 silly mapToRegistry   raw: 'sigmund',
381 silly mapToRegistry   scope: null,
381 silly mapToRegistry   escapedName: 'sigmund',
381 silly mapToRegistry   name: 'sigmund',
381 silly mapToRegistry   rawSpec: '',
381 silly mapToRegistry   spec: 'latest',
381 silly mapToRegistry   type: 'tag' }
382 silly mapToRegistry uri https://registry.npmjs.org/sigmund
383 verbose addNameRange registry:https://registry.npmjs.org/sigmund not in flight; fetching
384 verbose get https://registry.npmjs.org/lru-cache not expired, no request
385 silly addNameRange number 2 { name: 'lru-cache', range: '>=3.2.0 <4.0.0', hasData: true }
386 silly addNameRange versions [ 'lru-cache',
386 silly addNameRange   [ '1.0.1',
386 silly addNameRange     '1.0.2',
386 silly addNameRange     '1.0.3',
386 silly addNameRange     '1.0.4',
386 silly addNameRange     '1.0.5',
386 silly addNameRange     '1.0.6',
386 silly addNameRange     '1.1.0',
386 silly addNameRange     '1.1.1',
386 silly addNameRange     '2.0.0',
386 silly addNameRange     '2.0.1',
386 silly addNameRange     '2.0.2',
386 silly addNameRange     '2.0.3',
386 silly addNameRange     '2.0.4',
386 silly addNameRange     '2.1.0',
386 silly addNameRange     '2.2.0',
386 silly addNameRange     '2.2.1',
386 silly addNameRange     '2.2.2',
386 silly addNameRange     '2.2.4',
386 silly addNameRange     '2.3.0',
386 silly addNameRange     '2.3.1',
386 silly addNameRange     '2.5.0',
386 silly addNameRange     '2.5.1',
386 silly addNameRange     '2.5.2',
386 silly addNameRange     '2.6.0',
386 silly addNameRange     '2.6.1',
386 silly addNameRange     '2.6.2',
386 silly addNameRange     '2.6.3',
386 silly addNameRange     '2.6.4',
386 silly addNameRange     '2.6.5',
386 silly addNameRange     '2.7.0',
386 silly addNameRange     '2.7.1',
386 silly addNameRange     '2.7.2',
386 silly addNameRange     '2.7.3',
386 silly addNameRange     '3.0.0',
386 silly addNameRange     '3.1.0',
386 silly addNameRange     '3.1.1',
386 silly addNameRange     '3.1.2',
386 silly addNameRange     '3.2.0',
386 silly addNameRange     '4.0.0',
386 silly addNameRange     '4.0.1',
386 silly addNameRange     '4.0.2',
386 silly addNameRange     '4.1.0',
386 silly addNameRange     '4.1.1' ] ]
387 silly addNamed lru-cache@3.2.0
388 verbose addNamed "3.2.0" is a plain semver version for lru-cache
389 verbose get https://registry.npmjs.org/sigmund not expired, no request
390 silly addNameRange number 2 { name: 'sigmund', range: '>=1.0.1 <2.0.0', hasData: true }
391 silly addNameRange versions [ 'sigmund', [ '1.0.0', '1.0.1' ] ]
392 silly addNamed sigmund@1.0.1
393 verbose addNamed "1.0.1" is a plain semver version for sigmund
394 silly cache afterAdd lru-cache@3.2.0
395 verbose afterAdd /Users/jihaoyu/.npm/lru-cache/3.2.0/package/package.json not in flight; writing
396 verbose correctMkdir /Users/jihaoyu/.npm correctMkdir not in flight; initializing
397 silly cache afterAdd sigmund@1.0.1
398 verbose afterAdd /Users/jihaoyu/.npm/sigmund/1.0.1/package/package.json not in flight; writing
399 verbose correctMkdir /Users/jihaoyu/.npm correctMkdir not in flight; initializing
400 verbose afterAdd /Users/jihaoyu/.npm/sigmund/1.0.1/package/package.json written
401 verbose afterAdd /Users/jihaoyu/.npm/lru-cache/3.2.0/package/package.json written
402 http 200 https://registry.npmjs.org/commander
403 verbose headers { server: 'nginx/1.10.3',
403 verbose headers   'content-type': 'application/json',
403 verbose headers   'last-modified': 'Sun, 23 Jul 2017 09:57:31 GMT',
403 verbose headers   etag: 'W/"5974730b-112d4"',
403 verbose headers   'content-encoding': 'gzip',
403 verbose headers   'cache-control': 'max-age=300',
403 verbose headers   'content-length': '13981',
403 verbose headers   'accept-ranges': 'bytes',
403 verbose headers   date: 'Mon, 24 Jul 2017 10:44:08 GMT',
403 verbose headers   via: '1.1 varnish',
403 verbose headers   age: '153',
403 verbose headers   connection: 'keep-alive',
403 verbose headers   'x-served-by': 'cache-nrt6121-NRT',
403 verbose headers   'x-cache': 'HIT',
403 verbose headers   'x-cache-hits': '4',
403 verbose headers   'x-timer': 'S1500893049.701053,VS0,VE0',
403 verbose headers   vary: 'Accept-Encoding, Accept' }
404 silly get cb [ 200,
404 silly get   { server: 'nginx/1.10.3',
404 silly get     'content-type': 'application/json',
404 silly get     'last-modified': 'Sun, 23 Jul 2017 09:57:31 GMT',
404 silly get     etag: 'W/"5974730b-112d4"',
404 silly get     'content-encoding': 'gzip',
404 silly get     'cache-control': 'max-age=300',
404 silly get     'content-length': '13981',
404 silly get     'accept-ranges': 'bytes',
404 silly get     date: 'Mon, 24 Jul 2017 10:44:08 GMT',
404 silly get     via: '1.1 varnish',
404 silly get     age: '153',
404 silly get     connection: 'keep-alive',
404 silly get     'x-served-by': 'cache-nrt6121-NRT',
404 silly get     'x-cache': 'HIT',
404 silly get     'x-cache-hits': '4',
404 silly get     'x-timer': 'S1500893049.701053,VS0,VE0',
404 silly get     vary: 'Accept-Encoding, Accept' } ]
405 verbose get saving commander to /Users/jihaoyu/.npm/registry.npmjs.org/commander/.cache.json
406 verbose correctMkdir /Users/jihaoyu/.npm correctMkdir not in flight; initializing
407 silly resolveWithNewModule commander@2.11.0 checking installable status
408 silly cache add args [ 'commander@^2.9.0', null ]
409 verbose cache add spec commander@^2.9.0
410 silly cache add parsed spec Result {
410 silly cache add   raw: 'commander@^2.9.0',
410 silly cache add   scope: null,
410 silly cache add   escapedName: 'commander',
410 silly cache add   name: 'commander',
410 silly cache add   rawSpec: '^2.9.0',
410 silly cache add   spec: '>=2.9.0 <3.0.0',
410 silly cache add   type: 'range' }
411 silly addNamed commander@>=2.9.0 <3.0.0
412 verbose addNamed ">=2.9.0 <3.0.0" is a valid semver range for commander
413 silly addNameRange { name: 'commander', range: '>=2.9.0 <3.0.0', hasData: false }
414 silly mapToRegistry name commander
415 silly mapToRegistry using default registry
416 silly mapToRegistry registry https://registry.npmjs.org/
417 silly mapToRegistry data Result {
417 silly mapToRegistry   raw: 'commander',
417 silly mapToRegistry   scope: null,
417 silly mapToRegistry   escapedName: 'commander',
417 silly mapToRegistry   name: 'commander',
417 silly mapToRegistry   rawSpec: '',
417 silly mapToRegistry   spec: 'latest',
417 silly mapToRegistry   type: 'tag' }
418 silly mapToRegistry uri https://registry.npmjs.org/commander
419 verbose addNameRange registry:https://registry.npmjs.org/commander not in flight; fetching
420 verbose get https://registry.npmjs.org/commander not expired, no request
421 silly addNameRange number 2 { name: 'commander', range: '>=2.9.0 <3.0.0', hasData: true }
422 silly addNameRange versions [ 'commander',
422 silly addNameRange   [ '0.0.1',
422 silly addNameRange     '0.0.3',
422 silly addNameRange     '0.0.4',
422 silly addNameRange     '0.0.5',
422 silly addNameRange     '0.1.0',
422 silly addNameRange     '0.2.0',
422 silly addNameRange     '0.2.1',
422 silly addNameRange     '0.3.0',
422 silly addNameRange     '0.3.1',
422 silly addNameRange     '0.3.2',
422 silly addNameRange     '0.3.3',
422 silly addNameRange     '0.4.0',
422 silly addNameRange     '0.4.1',
422 silly addNameRange     '0.4.2',
422 silly addNameRange     '0.4.3',
422 silly addNameRange     '0.5.0',
422 silly addNameRange     '0.5.1',
422 silly addNameRange     '0.6.0',
422 silly addNameRange     '0.6.1',
422 silly addNameRange     '0.5.2',
422 silly addNameRange     '1.0.0',
422 silly addNameRange     '1.0.1',
422 silly addNameRange     '1.0.2',
422 silly addNameRange     '1.0.3',
422 silly addNameRange     '1.0.4',
422 silly addNameRange     '1.0.5',
422 silly addNameRange     '1.1.0',
422 silly addNameRange     '1.1.1',
422 silly addNameRange     '1.2.0',
422 silly addNameRange     '1.3.0',
422 silly addNameRange     '1.3.1',
422 silly addNameRange     '1.3.2',
422 silly addNameRange     '2.0.0',
422 silly addNameRange     '2.1.0',
422 silly addNameRange     '2.2.0',
422 silly addNameRange     '2.3.0',
422 silly addNameRange     '2.4.0',
422 silly addNameRange     '2.5.0',
422 silly addNameRange     '2.5.1',
422 silly addNameRange     '2.6.0',
422 silly addNameRange     '2.7.0',
422 silly addNameRange     '2.7.1',
422 silly addNameRange     '2.8.0',
422 silly addNameRange     '2.8.1',
422 silly addNameRange     '2.9.0',
422 silly addNameRange     '2.10.0',
422 silly addNameRange     '2.11.0' ] ]
423 silly addNamed commander@2.11.0
424 verbose addNamed "2.11.0" is a plain semver version for commander
425 silly cache afterAdd commander@2.11.0
426 verbose afterAdd /Users/jihaoyu/.npm/commander/2.11.0/package/package.json not in flight; writing
427 verbose correctMkdir /Users/jihaoyu/.npm correctMkdir not in flight; initializing
428 verbose afterAdd /Users/jihaoyu/.npm/commander/2.11.0/package/package.json written
429 http 200 https://registry.npmjs.org/bluebird
430 verbose headers { server: 'nginx/1.10.3',
430 verbose headers   'content-type': 'application/json',
430 verbose headers   'last-modified': 'Sat, 22 Jul 2017 13:25:50 GMT',
430 verbose headers   etag: 'W/"5973525e-60526"',
430 verbose headers   'content-encoding': 'gzip',
430 verbose headers   'cache-control': 'max-age=300',
430 verbose headers   'content-length': '26678',
430 verbose headers   'accept-ranges': 'bytes',
430 verbose headers   date: 'Mon, 24 Jul 2017 10:44:08 GMT',
430 verbose headers   via: '1.1 varnish',
430 verbose headers   age: '249',
430 verbose headers   connection: 'keep-alive',
430 verbose headers   'x-served-by': 'cache-nrt6134-NRT',
430 verbose headers   'x-cache': 'HIT',
430 verbose headers   'x-cache-hits': '3',
430 verbose headers   'x-timer': 'S1500893049.705343,VS0,VE0',
430 verbose headers   vary: 'Accept-Encoding, Accept' }
431 silly get cb [ 200,
431 silly get   { server: 'nginx/1.10.3',
431 silly get     'content-type': 'application/json',
431 silly get     'last-modified': 'Sat, 22 Jul 2017 13:25:50 GMT',
431 silly get     etag: 'W/"5973525e-60526"',
431 silly get     'content-encoding': 'gzip',
431 silly get     'cache-control': 'max-age=300',
431 silly get     'content-length': '26678',
431 silly get     'accept-ranges': 'bytes',
431 silly get     date: 'Mon, 24 Jul 2017 10:44:08 GMT',
431 silly get     via: '1.1 varnish',
431 silly get     age: '249',
431 silly get     connection: 'keep-alive',
431 silly get     'x-served-by': 'cache-nrt6134-NRT',
431 silly get     'x-cache': 'HIT',
431 silly get     'x-cache-hits': '3',
431 silly get     'x-timer': 'S1500893049.705343,VS0,VE0',
431 silly get     vary: 'Accept-Encoding, Accept' } ]
432 verbose get saving bluebird to /Users/jihaoyu/.npm/registry.npmjs.org/bluebird/.cache.json
433 verbose correctMkdir /Users/jihaoyu/.npm correctMkdir not in flight; initializing
434 silly resolveWithNewModule bluebird@3.5.0 checking installable status
435 silly cache add args [ 'bluebird@^3.0.5', null ]
436 verbose cache add spec bluebird@^3.0.5
437 silly cache add parsed spec Result {
437 silly cache add   raw: 'bluebird@^3.0.5',
437 silly cache add   scope: null,
437 silly cache add   escapedName: 'bluebird',
437 silly cache add   name: 'bluebird',
437 silly cache add   rawSpec: '^3.0.5',
437 silly cache add   spec: '>=3.0.5 <4.0.0',
437 silly cache add   type: 'range' }
438 silly addNamed bluebird@>=3.0.5 <4.0.0
439 verbose addNamed ">=3.0.5 <4.0.0" is a valid semver range for bluebird
440 silly addNameRange { name: 'bluebird', range: '>=3.0.5 <4.0.0', hasData: false }
441 silly mapToRegistry name bluebird
442 silly mapToRegistry using default registry
443 silly mapToRegistry registry https://registry.npmjs.org/
444 silly mapToRegistry data Result {
444 silly mapToRegistry   raw: 'bluebird',
444 silly mapToRegistry   scope: null,
444 silly mapToRegistry   escapedName: 'bluebird',
444 silly mapToRegistry   name: 'bluebird',
444 silly mapToRegistry   rawSpec: '',
444 silly mapToRegistry   spec: 'latest',
444 silly mapToRegistry   type: 'tag' }
445 silly mapToRegistry uri https://registry.npmjs.org/bluebird
446 verbose addNameRange registry:https://registry.npmjs.org/bluebird not in flight; fetching
447 verbose get https://registry.npmjs.org/bluebird not expired, no request
448 silly addNameRange number 2 { name: 'bluebird', range: '>=3.0.5 <4.0.0', hasData: true }
449 silly addNameRange versions [ 'bluebird',
449 silly addNameRange   [ '0.7.1-1',
449 silly addNameRange     '0.7.1-2',
449 silly addNameRange     '0.7.1-3',
449 silly addNameRange     '0.7.1-4',
449 silly addNameRange     '0.7.1-5',
449 silly addNameRange     '0.7.2-0',
449 silly addNameRange     '0.7.3-0',
449 silly addNameRange     '0.7.4-0',
449 silly addNameRange     '0.7.4-1',
449 silly addNameRange     '0.7.5-0',
449 silly addNameRange     '0.7.6-0',
449 silly addNameRange     '0.7.7-0',
449 silly addNameRange     '0.7.7-1',
449 silly addNameRange     '0.7.8-0',
449 silly addNameRange     '0.7.8-1',
449 silly addNameRange     '0.7.9-0',
449 silly addNameRange     '0.7.9-1',
449 silly addNameRange     '0.7.10-0',
449 silly addNameRange     '0.7.10-1',
449 silly addNameRange     '0.7.11-0',
449 silly addNameRange     '0.7.12-0',
449 silly addNameRange     '0.7.12-1',
449 silly addNameRange     '0.7.12-2',
449 silly addNameRange     '0.8.0-0',
449 silly addNameRange     '0.8.0-1',
449 silly addNameRange     '0.8.0-2',
449 silly addNameRange     '0.8.0-3',
449 silly addNameRange     '0.8.1-0',
449 silly addNameRange     '0.8.2-0',
449 silly addNameRange     '0.8.2-1',
449 silly addNameRange     '0.8.2-2',
449 silly addNameRange     '0.8.3-0',
449 silly addNameRange     '0.8.3-1',
449 silly addNameRange     '0.8.3-2',
449 silly addNameRange     '0.8.3-3',
449 silly addNameRange     '0.8.4-0',
449 silly addNameRange     '0.8.4-1',
449 silly addNameRange     '0.8.5-0',
449 silly addNameRange     '0.8.5-1',
449 silly addNameRange     '0.9.0-0',
449 silly addNameRange     '0.9.1-0',
449 silly addNameRange     '0.9.1-1',
449 silly addNameRange     '0.9.2-0',
449 silly addNameRange     '0.9.2-1',
449 silly addNameRange     '0.9.3-0',
449 silly addNameRange     '0.9.4-0',
449 silly addNameRange     '0.9.4-1',
449 silly addNameRange     '0.9.5-0',
449 silly addNameRange     '0.9.6-0',
449 silly addNameRange     '0.9.7-0',
449 silly addNameRange     '0.9.8-0',
449 silly addNameRange     '0.9.9-0',
449 silly addNameRange     '0.9.10-0',
449 silly addNameRange     '0.9.10-1',
449 silly addNameRange     '0.9.11-0',
449 silly addNameRange     '0.9.11-1',
449 silly addNameRange     '0.10.0-0',
449 silly addNameRange     '0.10.0-1',
449 silly addNameRange     '0.10.1-0',
449 silly addNameRange     '0.10.2-0',
449 silly addNameRange     '0.10.2-1',
449 silly addNameRange     '0.10.3-0',
449 silly addNameRange     '0.10.4-0',
449 silly addNameRange     '0.10.4-1',
449 silly addNameRange     '0.10.5-0',
449 silly addNameRange     '0.10.6-0',
449 silly addNameRange     '0.10.7-0',
449 silly addNameRange     '0.10.8-0',
449 silly addNameRange     '0.10.9-0',
449 silly addNameRange     '0.10.9-1',
449 silly addNameRange     '0.10.10-0',
449 silly addNameRange     '0.10.11-0',
449 silly addNameRange     '0.10.11-1',
449 silly addNameRange     '0.10.11-2',
449 silly addNameRange     '0.10.11-4',
449 silly addNameRange     '0.10.12-0',
449 silly addNameRange     '0.10.13-0',
449 silly addNameRange     '0.10.13-1',
449 silly addNameRange     '0.10.14-0',
449 silly addNameRange     '0.11.0-0',
449 silly addNameRange     '0.11.1-0',
449 silly addNameRange     '0.11.2-0',
449 silly addNameRange     '0.11.3-0',
449 silly addNameRange     '0.11.4-0',
449 silly addNameRange     '0.11.4-1',
449 silly addNameRange     '0.11.5-0',
449 silly addNameRange     '0.11.5-1',
449 silly addNameRange     '0.11.6-0',
449 silly addNameRange     '1.0.0',
449 silly addNameRange     '1.0.1',
449 silly addNameRange     '1.0.2',
449 silly addNameRange     '1.0.3',
449 silly addNameRange     '1.0.4',
449 silly addNameRange     '1.0.5',
449 silly addNameRange     '1.0.7',
449 silly addNameRange     '1.0.8',
449 silly addNameRange     '1.1.0',
449 silly addNameRange     '1.1.1',
449 silly addNameRange     '1.2.0',
449 silly addNameRange     '1.2.1',
449 silly addNameRange     ... 114 more items ] ]
450 silly addNamed bluebird@3.5.0
451 verbose addNamed "3.5.0" is a plain semver version for bluebird
452 silly cache afterAdd bluebird@3.5.0
453 verbose afterAdd /Users/jihaoyu/.npm/bluebird/3.5.0/package/package.json not in flight; writing
454 verbose correctMkdir /Users/jihaoyu/.npm correctMkdir not in flight; initializing
455 verbose afterAdd /Users/jihaoyu/.npm/bluebird/3.5.0/package/package.json written
456 silly fetchNamedPackageData pseudomap
457 silly mapToRegistry name pseudomap
458 silly mapToRegistry using default registry
459 silly mapToRegistry registry https://registry.npmjs.org/
460 silly mapToRegistry data Result {
460 silly mapToRegistry   raw: 'pseudomap',
460 silly mapToRegistry   scope: null,
460 silly mapToRegistry   escapedName: 'pseudomap',
460 silly mapToRegistry   name: 'pseudomap',
460 silly mapToRegistry   rawSpec: '',
460 silly mapToRegistry   spec: 'latest',
460 silly mapToRegistry   type: 'tag' }
461 silly mapToRegistry uri https://registry.npmjs.org/pseudomap
462 verbose request uri https://registry.npmjs.org/pseudomap
463 verbose request no auth needed
464 info attempt registry request try #1 at 6:44:26 PM
465 verbose etag W/"587f48bd-1869"
466 verbose lastModified Wed, 18 Jan 2017 10:51:41 GMT
467 http request GET https://registry.npmjs.org/pseudomap
468 http 304 https://registry.npmjs.org/pseudomap
469 verbose headers { date: 'Mon, 24 Jul 2017 10:44:26 GMT',
469 verbose headers   via: '1.1 varnish',
469 verbose headers   'cache-control': 'max-age=300',
469 verbose headers   etag: 'W/"587f48bd-1869"',
469 verbose headers   age: '194',
469 verbose headers   connection: 'keep-alive',
469 verbose headers   'x-served-by': 'cache-nrt6126-NRT',
469 verbose headers   'x-cache': 'HIT',
469 verbose headers   'x-cache-hits': '3',
469 verbose headers   'x-timer': 'S1500893067.926578,VS0,VE0',
469 verbose headers   vary: 'Accept-Encoding, Accept' }
470 silly get cb [ 304,
470 silly get   { date: 'Mon, 24 Jul 2017 10:44:26 GMT',
470 silly get     via: '1.1 varnish',
470 silly get     'cache-control': 'max-age=300',
470 silly get     etag: 'W/"587f48bd-1869"',
470 silly get     age: '194',
470 silly get     connection: 'keep-alive',
470 silly get     'x-served-by': 'cache-nrt6126-NRT',
470 silly get     'x-cache': 'HIT',
470 silly get     'x-cache-hits': '3',
470 silly get     'x-timer': 'S1500893067.926578,VS0,VE0',
470 silly get     vary: 'Accept-Encoding, Accept' } ]
471 verbose etag https://registry.npmjs.org/pseudomap from cache
472 verbose get saving pseudomap to /Users/jihaoyu/.npm/registry.npmjs.org/pseudomap/.cache.json
473 verbose correctMkdir /Users/jihaoyu/.npm correctMkdir not in flight; initializing
474 silly resolveWithNewModule pseudomap@1.0.2 checking installable status
475 silly cache add args [ 'pseudomap@^1.0.1', null ]
476 verbose cache add spec pseudomap@^1.0.1
477 silly cache add parsed spec Result {
477 silly cache add   raw: 'pseudomap@^1.0.1',
477 silly cache add   scope: null,
477 silly cache add   escapedName: 'pseudomap',
477 silly cache add   name: 'pseudomap',
477 silly cache add   rawSpec: '^1.0.1',
477 silly cache add   spec: '>=1.0.1 <2.0.0',
477 silly cache add   type: 'range' }
478 silly addNamed pseudomap@>=1.0.1 <2.0.0
479 verbose addNamed ">=1.0.1 <2.0.0" is a valid semver range for pseudomap
480 silly addNameRange { name: 'pseudomap', range: '>=1.0.1 <2.0.0', hasData: false }
481 silly mapToRegistry name pseudomap
482 silly mapToRegistry using default registry
483 silly mapToRegistry registry https://registry.npmjs.org/
484 silly mapToRegistry data Result {
484 silly mapToRegistry   raw: 'pseudomap',
484 silly mapToRegistry   scope: null,
484 silly mapToRegistry   escapedName: 'pseudomap',
484 silly mapToRegistry   name: 'pseudomap',
484 silly mapToRegistry   rawSpec: '',
484 silly mapToRegistry   spec: 'latest',
484 silly mapToRegistry   type: 'tag' }
485 silly mapToRegistry uri https://registry.npmjs.org/pseudomap
486 verbose addNameRange registry:https://registry.npmjs.org/pseudomap not in flight; fetching
487 verbose get https://registry.npmjs.org/pseudomap not expired, no request
488 silly addNameRange number 2 { name: 'pseudomap', range: '>=1.0.1 <2.0.0', hasData: true }
489 silly addNameRange versions [ 'pseudomap', [ '1.0.0', '1.0.1', '1.0.2' ] ]
490 silly addNamed pseudomap@1.0.2
491 verbose addNamed "1.0.2" is a plain semver version for pseudomap
492 silly cache afterAdd pseudomap@1.0.2
493 verbose afterAdd /Users/jihaoyu/.npm/pseudomap/1.0.2/package/package.json not in flight; writing
494 verbose correctMkdir /Users/jihaoyu/.npm correctMkdir not in flight; initializing
495 verbose afterAdd /Users/jihaoyu/.npm/pseudomap/1.0.2/package/package.json written
496 silly fetchNamedPackageData minimist
497 silly mapToRegistry name minimist
498 silly mapToRegistry using default registry
499 silly mapToRegistry registry https://registry.npmjs.org/
500 silly mapToRegistry data Result {
500 silly mapToRegistry   raw: 'minimist',
500 silly mapToRegistry   scope: null,
500 silly mapToRegistry   escapedName: 'minimist',
500 silly mapToRegistry   name: 'minimist',
500 silly mapToRegistry   rawSpec: '',
500 silly mapToRegistry   spec: 'latest',
500 silly mapToRegistry   type: 'tag' }
501 silly mapToRegistry uri https://registry.npmjs.org/minimist
502 verbose request uri https://registry.npmjs.org/minimist
503 verbose request no auth needed
504 info attempt registry request try #1 at 6:44:27 PM
505 verbose etag W/"5967ba9a-7630"
506 verbose lastModified Thu, 13 Jul 2017 18:23:22 GMT
507 http request GET https://registry.npmjs.org/minimist
508 http 200 https://registry.npmjs.org/minimist
509 verbose headers { server: 'nginx/1.10.1',
509 verbose headers   'content-type': 'application/json',
509 verbose headers   'last-modified': 'Fri, 21 Jul 2017 11:59:08 GMT',
509 verbose headers   etag: 'W/"5971ec8c-7640"',
509 verbose headers   'content-encoding': 'gzip',
509 verbose headers   'cache-control': 'max-age=300',
509 verbose headers   'content-length': '5861',
509 verbose headers   'accept-ranges': 'bytes',
509 verbose headers   date: 'Mon, 24 Jul 2017 10:44:31 GMT',
509 verbose headers   via: '1.1 varnish',
509 verbose headers   age: '205',
509 verbose headers   connection: 'keep-alive',
509 verbose headers   'x-served-by': 'cache-nrt6129-NRT',
509 verbose headers   'x-cache': 'HIT',
509 verbose headers   'x-cache-hits': '10',
509 verbose headers   'x-timer': 'S1500893072.544113,VS0,VE0',
509 verbose headers   vary: 'Accept-Encoding, Accept' }
510 silly get cb [ 200,
510 silly get   { server: 'nginx/1.10.1',
510 silly get     'content-type': 'application/json',
510 silly get     'last-modified': 'Fri, 21 Jul 2017 11:59:08 GMT',
510 silly get     etag: 'W/"5971ec8c-7640"',
510 silly get     'content-encoding': 'gzip',
510 silly get     'cache-control': 'max-age=300',
510 silly get     'content-length': '5861',
510 silly get     'accept-ranges': 'bytes',
510 silly get     date: 'Mon, 24 Jul 2017 10:44:31 GMT',
510 silly get     via: '1.1 varnish',
510 silly get     age: '205',
510 silly get     connection: 'keep-alive',
510 silly get     'x-served-by': 'cache-nrt6129-NRT',
510 silly get     'x-cache': 'HIT',
510 silly get     'x-cache-hits': '10',
510 silly get     'x-timer': 'S1500893072.544113,VS0,VE0',
510 silly get     vary: 'Accept-Encoding, Accept' } ]
511 verbose get saving minimist to /Users/jihaoyu/.npm/registry.npmjs.org/minimist/.cache.json
512 verbose correctMkdir /Users/jihaoyu/.npm correctMkdir not in flight; initializing
513 silly resolveWithNewModule minimist@0.0.8 checking installable status
514 silly cache add args [ 'minimist@0.0.8', null ]
515 verbose cache add spec minimist@0.0.8
516 silly cache add parsed spec Result {
516 silly cache add   raw: 'minimist@0.0.8',
516 silly cache add   scope: null,
516 silly cache add   escapedName: 'minimist',
516 silly cache add   name: 'minimist',
516 silly cache add   rawSpec: '0.0.8',
516 silly cache add   spec: '0.0.8',
516 silly cache add   type: 'version' }
517 silly addNamed minimist@0.0.8
518 verbose addNamed "0.0.8" is a plain semver version for minimist
519 silly mapToRegistry name minimist
520 silly mapToRegistry using default registry
521 silly mapToRegistry registry https://registry.npmjs.org/
522 silly mapToRegistry data Result {
522 silly mapToRegistry   raw: 'minimist',
522 silly mapToRegistry   scope: null,
522 silly mapToRegistry   escapedName: 'minimist',
522 silly mapToRegistry   name: 'minimist',
522 silly mapToRegistry   rawSpec: '',
522 silly mapToRegistry   spec: 'latest',
522 silly mapToRegistry   type: 'tag' }
523 silly mapToRegistry uri https://registry.npmjs.org/minimist
524 verbose addNameVersion registry:https://registry.npmjs.org/minimist not in flight; fetching
525 verbose get https://registry.npmjs.org/minimist not expired, no request
526 silly cache afterAdd minimist@0.0.8
527 verbose afterAdd /Users/jihaoyu/.npm/minimist/0.0.8/package/package.json not in flight; writing
528 verbose correctMkdir /Users/jihaoyu/.npm correctMkdir not in flight; initializing
529 verbose afterAdd /Users/jihaoyu/.npm/minimist/0.0.8/package/package.json written
530 silly fetchNamedPackageData abbrev
531 silly mapToRegistry name abbrev
532 silly mapToRegistry using default registry
533 silly mapToRegistry registry https://registry.npmjs.org/
534 silly mapToRegistry data Result {
534 silly mapToRegistry   raw: 'abbrev',
534 silly mapToRegistry   scope: null,
534 silly mapToRegistry   escapedName: 'abbrev',
534 silly mapToRegistry   name: 'abbrev',
534 silly mapToRegistry   rawSpec: '',
534 silly mapToRegistry   spec: 'latest',
534 silly mapToRegistry   type: 'tag' }
535 silly mapToRegistry uri https://registry.npmjs.org/abbrev
536 verbose request uri https://registry.npmjs.org/abbrev
537 verbose request no auth needed
538 info attempt registry request try #1 at 6:44:32 PM
539 verbose etag W/"58daf047-1e6e"
540 verbose lastModified Tue, 28 Mar 2017 23:22:47 GMT
541 http request GET https://registry.npmjs.org/abbrev
542 http 304 https://registry.npmjs.org/abbrev
543 verbose headers { date: 'Mon, 24 Jul 2017 10:44:32 GMT',
543 verbose headers   via: '1.1 varnish',
543 verbose headers   'cache-control': 'max-age=300',
543 verbose headers   etag: 'W/"58daf047-1e6e"',
543 verbose headers   age: '0',
543 verbose headers   connection: 'keep-alive',
543 verbose headers   'x-served-by': 'cache-nrt6121-NRT',
543 verbose headers   'x-cache': 'HIT',
543 verbose headers   'x-cache-hits': '1',
543 verbose headers   'x-timer': 'S1500893073.529493,VS0,VE132',
543 verbose headers   vary: 'Accept-Encoding, Accept' }
544 silly get cb [ 304,
544 silly get   { date: 'Mon, 24 Jul 2017 10:44:32 GMT',
544 silly get     via: '1.1 varnish',
544 silly get     'cache-control': 'max-age=300',
544 silly get     etag: 'W/"58daf047-1e6e"',
544 silly get     age: '0',
544 silly get     connection: 'keep-alive',
544 silly get     'x-served-by': 'cache-nrt6121-NRT',
544 silly get     'x-cache': 'HIT',
544 silly get     'x-cache-hits': '1',
544 silly get     'x-timer': 'S1500893073.529493,VS0,VE132',
544 silly get     vary: 'Accept-Encoding, Accept' } ]
545 verbose etag https://registry.npmjs.org/abbrev from cache
546 verbose get saving abbrev to /Users/jihaoyu/.npm/registry.npmjs.org/abbrev/.cache.json
547 verbose correctMkdir /Users/jihaoyu/.npm correctMkdir not in flight; initializing
548 silly resolveWithNewModule abbrev@1.1.0 checking installable status
549 silly cache add args [ 'abbrev@1', null ]
550 verbose cache add spec abbrev@1
551 silly cache add parsed spec Result {
551 silly cache add   raw: 'abbrev@1',
551 silly cache add   scope: null,
551 silly cache add   escapedName: 'abbrev',
551 silly cache add   name: 'abbrev',
551 silly cache add   rawSpec: '1',
551 silly cache add   spec: '>=1.0.0 <2.0.0',
551 silly cache add   type: 'range' }
552 silly addNamed abbrev@>=1.0.0 <2.0.0
553 verbose addNamed ">=1.0.0 <2.0.0" is a valid semver range for abbrev
554 silly addNameRange { name: 'abbrev', range: '>=1.0.0 <2.0.0', hasData: false }
555 silly mapToRegistry name abbrev
556 silly mapToRegistry using default registry
557 silly mapToRegistry registry https://registry.npmjs.org/
558 silly mapToRegistry data Result {
558 silly mapToRegistry   raw: 'abbrev',
558 silly mapToRegistry   scope: null,
558 silly mapToRegistry   escapedName: 'abbrev',
558 silly mapToRegistry   name: 'abbrev',
558 silly mapToRegistry   rawSpec: '',
558 silly mapToRegistry   spec: 'latest',
558 silly mapToRegistry   type: 'tag' }
559 silly mapToRegistry uri https://registry.npmjs.org/abbrev
560 verbose addNameRange registry:https://registry.npmjs.org/abbrev not in flight; fetching
561 verbose get https://registry.npmjs.org/abbrev not expired, no request
562 silly addNameRange number 2 { name: 'abbrev', range: '>=1.0.0 <2.0.0', hasData: true }
563 silly addNameRange versions [ 'abbrev',
563 silly addNameRange   [ '1.0.3', '1.0.4', '1.0.5', '1.0.6', '1.0.7', '1.0.9', '1.1.0' ] ]
564 silly addNamed abbrev@1.1.0
565 verbose addNamed "1.1.0" is a plain semver version for abbrev
566 silly cache afterAdd abbrev@1.1.0
567 verbose afterAdd /Users/jihaoyu/.npm/abbrev/1.1.0/package/package.json not in flight; writing
568 verbose correctMkdir /Users/jihaoyu/.npm correctMkdir not in flight; initializing
569 verbose afterAdd /Users/jihaoyu/.npm/abbrev/1.1.0/package/package.json written
570 silly loadAllDepsIntoIdealTree Finishing
571 silly loadIdealTree Finishing
572 silly currentTree lib
573 silly idealTree lib
573 silly idealTree  js-beautify@1.6.14
573 silly idealTree    abbrev@1.1.0
573 silly idealTree    bluebird@3.5.0
573 silly idealTree    commander@2.11.0
573 silly idealTree    config-chain@1.1.11
573 silly idealTree    editorconfig@0.13.2
573 silly idealTree    ini@1.3.4
573 silly idealTree    lru-cache@3.2.0
573 silly idealTree    minimist@0.0.8
573 silly idealTree    mkdirp@0.5.1
573 silly idealTree    nopt@3.0.6
573 silly idealTree    proto-list@1.2.4
573 silly idealTree    pseudomap@1.0.2
573 silly idealTree    sigmund@1.0.1
574 silly generateActionsToTake Starting
575 silly install generateActionsToTake
576 warn checkPermissions Missing write access to /usr/local/lib/node_modules
577 silly rollbackFailedOptional Starting
578 silly rollbackFailedOptional Finishing
579 silly runTopLevelLifecycles Finishing
580 silly install printInstalled
581 verbose stack Error: EACCES: permission denied, access '/usr/local/lib/node_modules'
581 verbose stack     at Error (native)
582 verbose cwd /Users/jihaoyu/Documents/GitHub/bullup5v5
583 error Darwin 16.7.0
584 error argv "/usr/local/bin/node" "/usr/local/bin/npm" "-g" "install" "js-beautify"
585 error node v6.2.2
586 error npm  v4.0.5
587 error path /usr/local/lib/node_modules
588 error code EACCES
589 error errno -13
590 error syscall access
591 error Error: EACCES: permission denied, access '/usr/local/lib/node_modules'
591 error     at Error (native)
591 error  { Error: EACCES: permission denied, access '/usr/local/lib/node_modules'
591 error     at Error (native)
591 error   errno: -13,
591 error   code: 'EACCES',
591 error   syscall: 'access',
591 error   path: '/usr/local/lib/node_modules' }
592 error Please try running this command again as root/Administrator.
593 verbose exit [ -13, true ]
